{"C:\\Users\\azmansoo\\Documents\\RNDemo\\todo_poc\\src\\components\\Footer.js": {"path":"C:\\Users\\azmansoo\\Documents\\RNDemo\\todo_poc\\src\\components\\Footer.js","statementMap":{"0":{"start":{"line":1,"column":13},"end":{"line":1,"column":75}},"1":{"start":{"line":1,"column":75},"end":{"line":1,"column":100}},"2":{"start":{"line":1,"column":113},"end":{"line":1,"column":153}},"3":{"start":{"line":2,"column":19},"end":{"line":2,"column":42}},"4":{"start":{"line":2,"column":62},"end":{"line":2,"column":140}},"5":{"start":{"line":2,"column":179},"end":{"line":2,"column":233}},"6":{"start":{"line":11,"column":17},"end":{"line":11,"column":31}},"7":{"start":{"line":11,"column":40},"end":{"line":11,"column":51}},"8":{"start":{"line":11,"column":65},"end":{"line":11,"column":81}},"9":{"start":{"line":11,"column":93},"end":{"line":11,"column":107}},"10":{"start":{"line":12,"column":2},"end":{"line":24,"column":194}},"11":{"start":{"line":18,"column":8},"end":{"line":18,"column":20}},"12":{"start":{"line":23,"column":135},"end":{"line":23,"column":155}},"13":{"start":{"line":30,"column":13},"end":{"line":63,"column":2}}},"fnMap":{"0":{"name":"_interopRequireDefault","decl":{"start":{"line":2,"column":150},"end":{"line":2,"column":172}},"loc":{"start":{"line":2,"column":178},"end":{"line":2,"column":234}},"line":2},"1":{"name":"Footer","decl":{"start":{"line":10,"column":9},"end":{"line":10,"column":15}},"loc":{"start":{"line":10,"column":23},"end":{"line":28,"column":1}},"line":10},"2":{"name":"onChangeText","decl":{"start":{"line":17,"column":29},"end":{"line":17,"column":41}},"loc":{"start":{"line":17,"column":45},"end":{"line":19,"column":7}},"line":17},"3":{"name":"onPress","decl":{"start":{"line":23,"column":124},"end":{"line":23,"column":131}},"loc":{"start":{"line":23,"column":134},"end":{"line":23,"column":156}},"line":23}},"branchMap":{"0":{"loc":{"start":{"line":2,"column":186},"end":{"line":2,"column":232}},"type":"cond-expr","locations":[{"start":{"line":2,"column":210},"end":{"line":2,"column":213}},{"start":{"line":2,"column":216},"end":{"line":2,"column":232}}],"line":2},"1":{"loc":{"start":{"line":2,"column":186},"end":{"line":2,"column":207}},"type":"binary-expr","locations":[{"start":{"line":2,"column":186},"end":{"line":2,"column":189}},{"start":{"line":2,"column":193},"end":{"line":2,"column":207}}],"line":2},"2":{"loc":{"start":{"line":24,"column":162},"end":{"line":24,"column":189}},"type":"cond-expr","locations":[{"start":{"line":24,"column":173},"end":{"line":24,"column":181}},{"start":{"line":24,"column":184},"end":{"line":24,"column":189}}],"line":24}},"s":{"0":1,"1":1,"2":1,"3":1,"4":1,"5":1,"6":1,"7":1,"8":1,"9":1,"10":1,"11":0,"12":1,"13":1},"f":{"0":1,"1":1,"2":0,"3":1},"b":{"0":[0,1],"1":[1,1],"2":[0,1]},"inputSourceMap":null,"_coverageSchema":"1a1c01bbd47fc00a2c39e90264f33305004495a9","hash":"d07ee0b84980410af2277468606ef4816483eea6"}
,"C:\\Users\\azmansoo\\Documents\\RNDemo\\todo_poc\\src\\components\\Header.js": {"path":"C:\\Users\\azmansoo\\Documents\\RNDemo\\todo_poc\\src\\components\\Header.js","statementMap":{"0":{"start":{"line":1,"column":13},"end":{"line":1,"column":75}},"1":{"start":{"line":1,"column":75},"end":{"line":1,"column":100}},"2":{"start":{"line":1,"column":113},"end":{"line":1,"column":153}},"3":{"start":{"line":2,"column":19},"end":{"line":2,"column":42}},"4":{"start":{"line":2,"column":62},"end":{"line":2,"column":140}},"5":{"start":{"line":2,"column":179},"end":{"line":2,"column":233}},"6":{"start":{"line":5,"column":2},"end":{"line":8,"column":177}},"7":{"start":{"line":13,"column":13},"end":{"line":25,"column":2}}},"fnMap":{"0":{"name":"_interopRequireDefault","decl":{"start":{"line":2,"column":150},"end":{"line":2,"column":172}},"loc":{"start":{"line":2,"column":178},"end":{"line":2,"column":234}},"line":2},"1":{"name":"Header","decl":{"start":{"line":4,"column":9},"end":{"line":4,"column":15}},"loc":{"start":{"line":4,"column":23},"end":{"line":11,"column":1}},"line":4}},"branchMap":{"0":{"loc":{"start":{"line":2,"column":186},"end":{"line":2,"column":232}},"type":"cond-expr","locations":[{"start":{"line":2,"column":210},"end":{"line":2,"column":213}},{"start":{"line":2,"column":216},"end":{"line":2,"column":232}}],"line":2},"1":{"loc":{"start":{"line":2,"column":186},"end":{"line":2,"column":207}},"type":"binary-expr","locations":[{"start":{"line":2,"column":186},"end":{"line":2,"column":189}},{"start":{"line":2,"column":193},"end":{"line":2,"column":207}}],"line":2}},"s":{"0":1,"1":1,"2":1,"3":1,"4":1,"5":1,"6":2,"7":1},"f":{"0":1,"1":2},"b":{"0":[0,1],"1":[1,1]},"inputSourceMap":null,"_coverageSchema":"1a1c01bbd47fc00a2c39e90264f33305004495a9","hash":"737bbfe19621f9961ffa5714641cffee453a0129"}
,"C:\\Users\\azmansoo\\Documents\\RNDemo\\todo_poc\\src\\components\\TodoItem.js": {"path":"C:\\Users\\azmansoo\\Documents\\RNDemo\\todo_poc\\src\\components\\TodoItem.js","statementMap":{"0":{"start":{"line":1,"column":13},"end":{"line":1,"column":75}},"1":{"start":{"line":1,"column":75},"end":{"line":1,"column":102}},"2":{"start":{"line":1,"column":115},"end":{"line":1,"column":155}},"3":{"start":{"line":2,"column":19},"end":{"line":2,"column":42}},"4":{"start":{"line":2,"column":62},"end":{"line":2,"column":142}},"5":{"start":{"line":2,"column":181},"end":{"line":2,"column":235}},"6":{"start":{"line":5,"column":16},"end":{"line":5,"column":29}},"7":{"start":{"line":5,"column":37},"end":{"line":5,"column":47}},"8":{"start":{"line":5,"column":59},"end":{"line":5,"column":73}},"9":{"start":{"line":6,"column":2},"end":{"line":12,"column":219}},"10":{"start":{"line":19,"column":13},"end":{"line":47,"column":2}}},"fnMap":{"0":{"name":"_interopRequireDefault","decl":{"start":{"line":2,"column":152},"end":{"line":2,"column":174}},"loc":{"start":{"line":2,"column":180},"end":{"line":2,"column":236}},"line":2},"1":{"name":"TodoItem","decl":{"start":{"line":4,"column":9},"end":{"line":4,"column":17}},"loc":{"start":{"line":4,"column":25},"end":{"line":17,"column":1}},"line":4}},"branchMap":{"0":{"loc":{"start":{"line":2,"column":188},"end":{"line":2,"column":234}},"type":"cond-expr","locations":[{"start":{"line":2,"column":212},"end":{"line":2,"column":215}},{"start":{"line":2,"column":218},"end":{"line":2,"column":234}}],"line":2},"1":{"loc":{"start":{"line":2,"column":188},"end":{"line":2,"column":209}},"type":"binary-expr","locations":[{"start":{"line":2,"column":188},"end":{"line":2,"column":191}},{"start":{"line":2,"column":195},"end":{"line":2,"column":209}}],"line":2}},"s":{"0":1,"1":1,"2":1,"3":1,"4":1,"5":1,"6":1,"7":1,"8":1,"9":1,"10":1},"f":{"0":1,"1":1},"b":{"0":[0,1],"1":[1,1]},"inputSourceMap":null,"_coverageSchema":"1a1c01bbd47fc00a2c39e90264f33305004495a9","hash":"b451efebe20cf326ceeb1a313b6404f2a4d93d02"}
}
