TN:
SF:src\components\Footer.js
FN:2,_interopRequireDefault
FN:10,Footer
FN:17,onChangeText
FN:23,onPress
FNF:4
FNH:3
FNDA:1,_interopRequireDefault
FNDA:1,Footer
FNDA:0,onChangeText
FNDA:1,onPress
DA:1,1
DA:2,1
DA:11,1
DA:12,1
DA:18,0
DA:23,1
DA:30,1
LF:7
LH:6
BRDA:2,0,0,0
BRDA:2,0,1,1
BRDA:2,1,0,1
BRDA:2,1,1,1
BRDA:24,2,0,0
BRDA:24,2,1,1
BRF:6
BRH:4
end_of_record
TN:
SF:src\components\Header.js
FN:2,_interopRequireDefault
FN:4,Header
FNF:2
FNH:2
FNDA:1,_interopRequireDefault
FNDA:2,Header
DA:1,1
DA:2,1
DA:5,2
DA:13,1
LF:4
LH:4
BRDA:2,0,0,0
BRDA:2,0,1,1
BRDA:2,1,0,1
BRDA:2,1,1,1
BRF:4
BRH:3
end_of_record
TN:
SF:src\components\TodoItem.js
FN:2,_interopRequireDefault
FN:4,TodoItem
FNF:2
FNH:2
FNDA:1,_interopRequireDefault
FNDA:1,TodoItem
DA:1,1
DA:2,1
DA:5,1
DA:6,1
DA:19,1
LF:5
LH:5
BRDA:2,0,0,0
BRDA:2,0,1,1
BRDA:2,1,0,1
BRDA:2,1,1,1
BRF:4
BRH:3
end_of_record
